This file contains any messages produced by compilers while
running configure, to aid debugging if configure makes a mistake.

It was created by configure, which was
generated by GNU Autoconf 2.69.  Invocation command line was

  $ ./configure --enable-maintainer-mode

## --------- ##
## Platform. ##
## --------- ##

hostname = luckydev
uname -m = x86_64
uname -r = 4.3.0-1-amd64
uname -s = Linux
uname -v = #1 SMP Debian 4.3.5-1 (2016-02-06)

/usr/bin/uname -p = unknown
/bin/uname -X     = unknown

/bin/arch              = unknown
/usr/bin/arch -k       = unknown
/usr/convex/getsysinfo = unknown
/usr/bin/hostinfo      = unknown
/bin/machine           = unknown
/usr/bin/oslevel       = unknown
/bin/universe          = unknown

PATH: /usr/local/bin
PATH: /usr/bin
PATH: /bin
PATH: /usr/local/games
PATH: /usr/games


## ----------- ##
## Core tests. ##
## ----------- ##

configure:2572: checking for a BSD-compatible install
configure:2640: result: /usr/bin/install -c
configure:2651: checking whether build environment is sane
configure:2706: result: yes
configure:2857: checking for a thread-safe mkdir -p
configure:2896: result: /bin/mkdir -p
configure:2903: checking for gawk
configure:2933: result: no
configure:2903: checking for mawk
configure:2919: found /usr/bin/mawk
configure:2930: result: mawk
configure:2941: checking whether make sets $(MAKE)
configure:2963: result: yes
configure:2992: checking whether make supports nested variables
configure:3009: result: yes
configure:3139: checking whether to enable maintainer-specific portions of Makefiles
configure:3148: result: yes
configure:3176: checking for style of include used by make
configure:3204: result: GNU
configure:3275: checking for gcc
configure:3291: found /usr/bin/gcc
configure:3302: result: gcc
configure:3531: checking for C compiler version
configure:3540: gcc --version >&5
gcc (Debian 5.3.1-8) 5.3.1 20160205
Copyright (C) 2015 Free Software Foundation, Inc.
This is free software; see the source for copying conditions.  There is NO
warranty; not even for MERCHANTABILITY or FITNESS FOR A PARTICULAR PURPOSE.

configure:3551: $? = 0
configure:3540: gcc -v >&5
Using built-in specs.
COLLECT_GCC=gcc
COLLECT_LTO_WRAPPER=/usr/lib/gcc/x86_64-linux-gnu/5/lto-wrapper
Target: x86_64-linux-gnu
Configured with: ../src/configure -v --with-pkgversion='Debian 5.3.1-8' --with-bugurl=file:///usr/share/doc/gcc-5/README.Bugs --enable-languages=c,ada,c++,java,go,d,fortran,objc,obj-c++ --prefix=/usr --program-suffix=-5 --enable-shared --enable-linker-build-id --libexecdir=/usr/lib --without-included-gettext --enable-threads=posix --libdir=/usr/lib --enable-nls --with-sysroot=/ --enable-clocale=gnu --enable-libstdcxx-debug --enable-libstdcxx-time=yes --with-default-libstdcxx-abi=new --enable-gnu-unique-object --disable-vtable-verify --enable-libmpx --enable-plugin --with-system-zlib --disable-browser-plugin --enable-java-awt=gtk --enable-gtk-cairo --with-java-home=/usr/lib/jvm/java-1.5.0-gcj-5-amd64/jre --enable-java-home --with-jvm-root-dir=/usr/lib/jvm/java-1.5.0-gcj-5-amd64 --with-jvm-jar-dir=/usr/lib/jvm-exports/java-1.5.0-gcj-5-amd64 --with-arch-directory=amd64 --with-ecj-jar=/usr/share/java/eclipse-ecj.jar --enable-objc-gc --enable-multiarch --with-arch-32=i586 --with-abi=m64 --with-multilib-list=m32,m64,mx32 --enable-multilib --with-tune=generic --enable-checking=release --build=x86_64-linux-gnu --host=x86_64-linux-gnu --target=x86_64-linux-gnu
Thread model: posix
gcc version 5.3.1 20160205 (Debian 5.3.1-8) 
configure:3551: $? = 0
configure:3540: gcc -V >&5
gcc: error: unrecognized command line option '-V'
gcc: fatal error: no input files
compilation terminated.
configure:3551: $? = 1
configure:3540: gcc -qversion >&5
gcc: error: unrecognized command line option '-qversion'
gcc: fatal error: no input files
compilation terminated.
configure:3551: $? = 1
configure:3571: checking whether the C compiler works
configure:3593: gcc    conftest.c  >&5
configure:3597: $? = 0
configure:3645: result: yes
configure:3648: checking for C compiler default output file name
configure:3650: result: a.out
configure:3656: checking for suffix of executables
configure:3663: gcc -o conftest    conftest.c  >&5
configure:3667: $? = 0
configure:3689: result: 
configure:3711: checking whether we are cross compiling
configure:3719: gcc -o conftest    conftest.c  >&5
configure:3723: $? = 0
configure:3730: ./conftest
configure:3734: $? = 0
configure:3749: result: no
configure:3754: checking for suffix of object files
configure:3776: gcc -c   conftest.c >&5
configure:3780: $? = 0
configure:3801: result: o
configure:3805: checking whether we are using the GNU C compiler
configure:3824: gcc -c   conftest.c >&5
configure:3824: $? = 0
configure:3833: result: yes
configure:3842: checking whether gcc accepts -g
configure:3862: gcc -c -g  conftest.c >&5
configure:3862: $? = 0
configure:3903: result: yes
configure:3920: checking for gcc option to accept ISO C89
configure:3983: gcc  -c -g -O2  conftest.c >&5
configure:3983: $? = 0
configure:3996: result: none needed
configure:4021: checking whether gcc understands -c and -o together
configure:4043: gcc -c conftest.c -o conftest2.o
configure:4046: $? = 0
configure:4043: gcc -c conftest.c -o conftest2.o
configure:4046: $? = 0
configure:4058: result: yes
configure:4077: checking dependency style of gcc
configure:4188: result: gcc3
configure:4204: checking for library containing strerror
configure:4235: gcc -o conftest -g -O2   conftest.c  >&5
configure:4235: $? = 0
configure:4252: result: none required
configure:4308: checking for gcc
configure:4335: result: gcc
configure:4564: checking for C compiler version
configure:4573: gcc --version >&5
gcc (Debian 5.3.1-8) 5.3.1 20160205
Copyright (C) 2015 Free Software Foundation, Inc.
This is free software; see the source for copying conditions.  There is NO
warranty; not even for MERCHANTABILITY or FITNESS FOR A PARTICULAR PURPOSE.

configure:4584: $? = 0
configure:4573: gcc -v >&5
Using built-in specs.
COLLECT_GCC=gcc
COLLECT_LTO_WRAPPER=/usr/lib/gcc/x86_64-linux-gnu/5/lto-wrapper
Target: x86_64-linux-gnu
Configured with: ../src/configure -v --with-pkgversion='Debian 5.3.1-8' --with-bugurl=file:///usr/share/doc/gcc-5/README.Bugs --enable-languages=c,ada,c++,java,go,d,fortran,objc,obj-c++ --prefix=/usr --program-suffix=-5 --enable-shared --enable-linker-build-id --libexecdir=/usr/lib --without-included-gettext --enable-threads=posix --libdir=/usr/lib --enable-nls --with-sysroot=/ --enable-clocale=gnu --enable-libstdcxx-debug --enable-libstdcxx-time=yes --with-default-libstdcxx-abi=new --enable-gnu-unique-object --disable-vtable-verify --enable-libmpx --enable-plugin --with-system-zlib --disable-browser-plugin --enable-java-awt=gtk --enable-gtk-cairo --with-java-home=/usr/lib/jvm/java-1.5.0-gcj-5-amd64/jre --enable-java-home --with-jvm-root-dir=/usr/lib/jvm/java-1.5.0-gcj-5-amd64 --with-jvm-jar-dir=/usr/lib/jvm-exports/java-1.5.0-gcj-5-amd64 --with-arch-directory=amd64 --with-ecj-jar=/usr/share/java/eclipse-ecj.jar --enable-objc-gc --enable-multiarch --with-arch-32=i586 --with-abi=m64 --with-multilib-list=m32,m64,mx32 --enable-multilib --with-tune=generic --enable-checking=release --build=x86_64-linux-gnu --host=x86_64-linux-gnu --target=x86_64-linux-gnu
Thread model: posix
gcc version 5.3.1 20160205 (Debian 5.3.1-8) 
configure:4584: $? = 0
configure:4573: gcc -V >&5
gcc: error: unrecognized command line option '-V'
gcc: fatal error: no input files
compilation terminated.
configure:4584: $? = 1
configure:4573: gcc -qversion >&5
gcc: error: unrecognized command line option '-qversion'
gcc: fatal error: no input files
compilation terminated.
configure:4584: $? = 1
configure:4588: checking whether we are using the GNU C compiler
configure:4616: result: yes
configure:4625: checking whether gcc accepts -g
configure:4686: result: yes
configure:4703: checking for gcc option to accept ISO C89
configure:4779: result: none needed
configure:4804: checking whether gcc understands -c and -o together
configure:4841: result: yes
configure:4860: checking dependency style of gcc
configure:4971: result: gcc3
configure:5044: checking for g++
configure:5060: found /usr/bin/g++
configure:5071: result: g++
configure:5098: checking for C++ compiler version
configure:5107: g++ --version >&5
g++ (Debian 5.3.1-8) 5.3.1 20160205
Copyright (C) 2015 Free Software Foundation, Inc.
This is free software; see the source for copying conditions.  There is NO
warranty; not even for MERCHANTABILITY or FITNESS FOR A PARTICULAR PURPOSE.

configure:5118: $? = 0
configure:5107: g++ -v >&5
Using built-in specs.
COLLECT_GCC=g++
COLLECT_LTO_WRAPPER=/usr/lib/gcc/x86_64-linux-gnu/5/lto-wrapper
Target: x86_64-linux-gnu
Configured with: ../src/configure -v --with-pkgversion='Debian 5.3.1-8' --with-bugurl=file:///usr/share/doc/gcc-5/README.Bugs --enable-languages=c,ada,c++,java,go,d,fortran,objc,obj-c++ --prefix=/usr --program-suffix=-5 --enable-shared --enable-linker-build-id --libexecdir=/usr/lib --without-included-gettext --enable-threads=posix --libdir=/usr/lib --enable-nls --with-sysroot=/ --enable-clocale=gnu --enable-libstdcxx-debug --enable-libstdcxx-time=yes --with-default-libstdcxx-abi=new --enable-gnu-unique-object --disable-vtable-verify --enable-libmpx --enable-plugin --with-system-zlib --disable-browser-plugin --enable-java-awt=gtk --enable-gtk-cairo --with-java-home=/usr/lib/jvm/java-1.5.0-gcj-5-amd64/jre --enable-java-home --with-jvm-root-dir=/usr/lib/jvm/java-1.5.0-gcj-5-amd64 --with-jvm-jar-dir=/usr/lib/jvm-exports/java-1.5.0-gcj-5-amd64 --with-arch-directory=amd64 --with-ecj-jar=/usr/share/java/eclipse-ecj.jar --enable-objc-gc --enable-multiarch --with-arch-32=i586 --with-abi=m64 --with-multilib-list=m32,m64,mx32 --enable-multilib --with-tune=generic --enable-checking=release --build=x86_64-linux-gnu --host=x86_64-linux-gnu --target=x86_64-linux-gnu
Thread model: posix
gcc version 5.3.1 20160205 (Debian 5.3.1-8) 
configure:5118: $? = 0
configure:5107: g++ -V >&5
g++: error: unrecognized command line option '-V'
g++: fatal error: no input files
compilation terminated.
configure:5118: $? = 1
configure:5107: g++ -qversion >&5
g++: error: unrecognized command line option '-qversion'
g++: fatal error: no input files
compilation terminated.
configure:5118: $? = 1
configure:5122: checking whether we are using the GNU C++ compiler
configure:5141: g++ -c   conftest.cpp >&5
configure:5141: $? = 0
configure:5150: result: yes
configure:5159: checking whether g++ accepts -g
configure:5179: g++ -c -g  conftest.cpp >&5
configure:5179: $? = 0
configure:5220: result: yes
configure:5245: checking dependency style of g++
configure:5356: result: gcc3
configure:5419: checking for gcc
configure:5446: result: gcc
configure:5675: checking for C compiler version
configure:5684: gcc --version >&5
gcc (Debian 5.3.1-8) 5.3.1 20160205
Copyright (C) 2015 Free Software Foundation, Inc.
This is free software; see the source for copying conditions.  There is NO
warranty; not even for MERCHANTABILITY or FITNESS FOR A PARTICULAR PURPOSE.

configure:5695: $? = 0
configure:5684: gcc -v >&5
Using built-in specs.
COLLECT_GCC=gcc
COLLECT_LTO_WRAPPER=/usr/lib/gcc/x86_64-linux-gnu/5/lto-wrapper
Target: x86_64-linux-gnu
Configured with: ../src/configure -v --with-pkgversion='Debian 5.3.1-8' --with-bugurl=file:///usr/share/doc/gcc-5/README.Bugs --enable-languages=c,ada,c++,java,go,d,fortran,objc,obj-c++ --prefix=/usr --program-suffix=-5 --enable-shared --enable-linker-build-id --libexecdir=/usr/lib --without-included-gettext --enable-threads=posix --libdir=/usr/lib --enable-nls --with-sysroot=/ --enable-clocale=gnu --enable-libstdcxx-debug --enable-libstdcxx-time=yes --with-default-libstdcxx-abi=new --enable-gnu-unique-object --disable-vtable-verify --enable-libmpx --enable-plugin --with-system-zlib --disable-browser-plugin --enable-java-awt=gtk --enable-gtk-cairo --with-java-home=/usr/lib/jvm/java-1.5.0-gcj-5-amd64/jre --enable-java-home --with-jvm-root-dir=/usr/lib/jvm/java-1.5.0-gcj-5-amd64 --with-jvm-jar-dir=/usr/lib/jvm-exports/java-1.5.0-gcj-5-amd64 --with-arch-directory=amd64 --with-ecj-jar=/usr/share/java/eclipse-ecj.jar --enable-objc-gc --enable-multiarch --with-arch-32=i586 --with-abi=m64 --with-multilib-list=m32,m64,mx32 --enable-multilib --with-tune=generic --enable-checking=release --build=x86_64-linux-gnu --host=x86_64-linux-gnu --target=x86_64-linux-gnu
Thread model: posix
gcc version 5.3.1 20160205 (Debian 5.3.1-8) 
configure:5695: $? = 0
configure:5684: gcc -V >&5
gcc: error: unrecognized command line option '-V'
gcc: fatal error: no input files
compilation terminated.
configure:5695: $? = 1
configure:5684: gcc -qversion >&5
gcc: error: unrecognized command line option '-qversion'
gcc: fatal error: no input files
compilation terminated.
configure:5695: $? = 1
configure:5699: checking whether we are using the GNU C compiler
configure:5727: result: yes
configure:5736: checking whether gcc accepts -g
configure:5797: result: yes
configure:5814: checking for gcc option to accept ISO C89
configure:5890: result: none needed
configure:5915: checking whether gcc understands -c and -o together
configure:5952: result: yes
configure:5971: checking dependency style of gcc
configure:6082: result: gcc3
configure:6099: checking whether ln -s works
configure:6103: result: yes
configure:6115: checking how to run the C preprocessor
configure:6146: gcc -E  conftest.c
configure:6146: $? = 0
configure:6160: gcc -E  conftest.c
conftest.c:11:28: fatal error: ac_nonexistent.h: No such file or directory
compilation terminated.
configure:6160: $? = 1
configure: failed program was:
| /* confdefs.h */
| #define PACKAGE_NAME ""
| #define PACKAGE_TARNAME ""
| #define PACKAGE_VERSION ""
| #define PACKAGE_STRING ""
| #define PACKAGE_BUGREPORT ""
| #define PACKAGE_URL ""
| #define PACKAGE "qalculate-gtk"
| #define VERSION "0.9.7"
| /* end confdefs.h.  */
| #include <ac_nonexistent.h>
configure:6185: result: gcc -E
configure:6205: gcc -E  conftest.c
configure:6205: $? = 0
configure:6219: gcc -E  conftest.c
conftest.c:11:28: fatal error: ac_nonexistent.h: No such file or directory
compilation terminated.
configure:6219: $? = 1
configure: failed program was:
| /* confdefs.h */
| #define PACKAGE_NAME ""
| #define PACKAGE_TARNAME ""
| #define PACKAGE_VERSION ""
| #define PACKAGE_STRING ""
| #define PACKAGE_BUGREPORT ""
| #define PACKAGE_URL ""
| #define PACKAGE "qalculate-gtk"
| #define VERSION "0.9.7"
| /* end confdefs.h.  */
| #include <ac_nonexistent.h>
configure:6248: checking for grep that handles long lines and -e
configure:6306: result: /bin/grep
configure:6311: checking for egrep
configure:6373: result: /bin/grep -E
configure:6378: checking for ANSI C header files
configure:6398: gcc -c -g -O2  conftest.c >&5
configure:6398: $? = 0
configure:6471: gcc -o conftest -g -O2   conftest.c  >&5
configure:6471: $? = 0
configure:6471: ./conftest
configure:6471: $? = 0
configure:6482: result: yes
configure:6491: checking whether NLS is requested
configure:6500: result: yes
configure:6528: checking for intltool-update
configure:6546: found /usr/bin/intltool-update
configure:6558: result: /usr/bin/intltool-update
configure:6568: checking for intltool-merge
configure:6586: found /usr/bin/intltool-merge
configure:6598: result: /usr/bin/intltool-merge
configure:6608: checking for intltool-extract
configure:6626: found /usr/bin/intltool-extract
configure:6638: result: /usr/bin/intltool-extract
configure:6792: checking for xgettext
configure:6810: found /usr/bin/xgettext
configure:6822: result: /usr/bin/xgettext
configure:6832: checking for msgmerge
configure:6850: found /usr/bin/msgmerge
configure:6862: result: /usr/bin/msgmerge
configure:6872: checking for msgfmt
configure:6890: found /usr/bin/msgfmt
configure:6902: result: /usr/bin/msgfmt
configure:6912: checking for gmsgfmt
configure:6943: result: /usr/bin/msgfmt
configure:6963: checking for perl
configure:6981: found /usr/bin/perl
configure:6993: result: /usr/bin/perl
configure:7004: checking for perl >= 5.8.1
configure:7011: result: 5.22.1
configure:7015: checking for XML::Parser
configure:7018: result: ok
configure:7043: gcc -o conftest -g -O2   conftest.c  >&5
configure:7043: $? = 0
configure:7098: checking build system type
configure:7112: result: x86_64-unknown-linux-gnu
configure:7132: checking host system type
configure:7145: result: x86_64-unknown-linux-gnu
configure:7186: checking how to print strings
configure:7213: result: printf
configure:7234: checking for a sed that does not truncate output
configure:7298: result: /bin/sed
configure:7316: checking for fgrep
configure:7378: result: /bin/grep -F
configure:7413: checking for ld used by gcc
configure:7480: result: /usr/bin/ld
configure:7487: checking if the linker (/usr/bin/ld) is GNU ld
configure:7502: result: yes
configure:7514: checking for BSD- or MS-compatible name lister (nm)
configure:7568: result: /usr/bin/nm -B
configure:7698: checking the name lister (/usr/bin/nm -B) interface
configure:7705: gcc -c -g -O2  conftest.c >&5
configure:7708: /usr/bin/nm -B "conftest.o"
configure:7711: output
0000000000000000 B some_variable
configure:7718: result: BSD nm
configure:7722: checking the maximum length of command line arguments
configure:7853: result: 1572864
configure:7901: checking how to convert x86_64-unknown-linux-gnu file names to x86_64-unknown-linux-gnu format
configure:7941: result: func_convert_file_noop
configure:7948: checking how to convert x86_64-unknown-linux-gnu file names to toolchain format
configure:7968: result: func_convert_file_noop
configure:7975: checking for /usr/bin/ld option to reload object files
configure:7982: result: -r
configure:8056: checking for objdump
configure:8072: found /usr/bin/objdump
configure:8083: result: objdump
configure:8115: checking how to recognize dependent libraries
configure:8315: result: pass_all
configure:8400: checking for dlltool
configure:8430: result: no
configure:8460: checking how to associate runtime and link libraries
configure:8487: result: printf %s\n
configure:8547: checking for ar
configure:8563: found /usr/bin/ar
configure:8574: result: ar
configure:8611: checking for archiver @FILE support
configure:8628: gcc -c -g -O2  conftest.c >&5
configure:8628: $? = 0
configure:8631: ar cru libconftest.a @conftest.lst >&5
ar: `u' modifier ignored since `D' is the default (see `U')
configure:8634: $? = 0
configure:8639: ar cru libconftest.a @conftest.lst >&5
ar: `u' modifier ignored since `D' is the default (see `U')
ar: conftest.o: No such file or directory
configure:8642: $? = 1
configure:8654: result: @
configure:8712: checking for strip
configure:8728: found /usr/bin/strip
configure:8739: result: strip
configure:8811: checking for ranlib
configure:8827: found /usr/bin/ranlib
configure:8838: result: ranlib
configure:8940: checking command to parse /usr/bin/nm -B output from gcc object
configure:9093: gcc -c -g -O2  conftest.c >&5
configure:9096: $? = 0
configure:9100: /usr/bin/nm -B conftest.o \| sed -n -e 's/^.*[ ]\([ABCDGIRSTW][ABCDGIRSTW]*\)[ ][ ]*\([_A-Za-z][_A-Za-z0-9]*\)$/\1 \2 \2/p' | sed '/ __gnu_lto/d' \> conftest.nm
configure:9103: $? = 0
configure:9169: gcc -o conftest -g -O2   conftest.c conftstm.o >&5
configure:9172: $? = 0
configure:9210: result: ok
configure:9257: checking for sysroot
configure:9287: result: no
configure:9294: checking for a working dd
configure:9332: result: /bin/dd
configure:9336: checking how to truncate binary pipes
configure:9351: result: /bin/dd bs=4096 count=1
configure:9487: gcc -c -g -O2  conftest.c >&5
configure:9490: $? = 0
configure:9680: checking for mt
configure:9696: found /bin/mt
configure:9707: result: mt
configure:9730: checking if mt is a manifest tool
configure:9736: mt '-?'
configure:9744: result: no
configure:10421: checking for sys/types.h
configure:10421: gcc -c -g -O2  conftest.c >&5
configure:10421: $? = 0
configure:10421: result: yes
configure:10421: checking for sys/stat.h
configure:10421: gcc -c -g -O2  conftest.c >&5
configure:10421: $? = 0
configure:10421: result: yes
configure:10421: checking for stdlib.h
configure:10421: gcc -c -g -O2  conftest.c >&5
configure:10421: $? = 0
configure:10421: result: yes
configure:10421: checking for string.h
configure:10421: gcc -c -g -O2  conftest.c >&5
configure:10421: $? = 0
configure:10421: result: yes
configure:10421: checking for memory.h
configure:10421: gcc -c -g -O2  conftest.c >&5
configure:10421: $? = 0
configure:10421: result: yes
configure:10421: checking for strings.h
configure:10421: gcc -c -g -O2  conftest.c >&5
configure:10421: $? = 0
configure:10421: result: yes
configure:10421: checking for inttypes.h
configure:10421: gcc -c -g -O2  conftest.c >&5
configure:10421: $? = 0
configure:10421: result: yes
configure:10421: checking for stdint.h
configure:10421: gcc -c -g -O2  conftest.c >&5
configure:10421: $? = 0
configure:10421: result: yes
configure:10421: checking for unistd.h
configure:10421: gcc -c -g -O2  conftest.c >&5
configure:10421: $? = 0
configure:10421: result: yes
configure:10435: checking for dlfcn.h
configure:10435: gcc -c -g -O2  conftest.c >&5
configure:10435: $? = 0
configure:10435: result: yes
configure:10702: checking for objdir
configure:10717: result: .libs
configure:10977: checking if gcc supports -fno-rtti -fno-exceptions
configure:10995: gcc -c -g -O2  -fno-rtti -fno-exceptions conftest.c >&5
cc1: warning: command line option '-fno-rtti' is valid for C++/ObjC++ but not for C
configure:10999: $? = 0
configure:11012: result: no
configure:11370: checking for gcc option to produce PIC
configure:11377: result: -fPIC -DPIC
configure:11385: checking if gcc PIC flag -fPIC -DPIC works
configure:11403: gcc -c -g -O2  -fPIC -DPIC -DPIC conftest.c >&5
configure:11407: $? = 0
configure:11420: result: yes
configure:11449: checking if gcc static flag -static works
configure:11477: result: yes
configure:11492: checking if gcc supports -c -o file.o
configure:11513: gcc -c -g -O2  -o out/conftest2.o conftest.c >&5
configure:11517: $? = 0
configure:11539: result: yes
configure:11547: checking if gcc supports -c -o file.o
configure:11594: result: yes
configure:11627: checking whether the gcc linker (/usr/bin/ld -m elf_x86_64) supports shared libraries
configure:12890: result: yes
configure:12927: checking whether -lc should be explicitly linked in
configure:12935: gcc -c -g -O2  conftest.c >&5
configure:12938: $? = 0
configure:12953: gcc -shared  -fPIC -DPIC conftest.o  -v -Wl,-soname -Wl,conftest -o conftest 2\>\&1 \| /bin/grep  -lc  \>/dev/null 2\>\&1
configure:12956: $? = 0
configure:12970: result: no
configure:13130: checking dynamic linker characteristics
configure:13711: gcc -o conftest -g -O2   -Wl,-rpath -Wl,/foo conftest.c  >&5
configure:13711: $? = 0
configure:13960: result: GNU/Linux ld.so
configure:14082: checking how to hardcode library paths into programs
configure:14107: result: immediate
configure:14655: checking whether stripping libraries is possible
configure:14660: result: yes
configure:14695: checking if libtool supports shared libraries
configure:14697: result: yes
configure:14700: checking whether to build shared libraries
configure:14725: result: yes
configure:14728: checking whether to build static libraries
configure:14732: result: yes
configure:14755: checking how to run the C++ preprocessor
configure:14782: g++ -E  conftest.cpp
configure:14782: $? = 0
configure:14796: g++ -E  conftest.cpp
conftest.cpp:23:28: fatal error: ac_nonexistent.h: No such file or directory
compilation terminated.
configure:14796: $? = 1
configure: failed program was:
| /* confdefs.h */
| #define PACKAGE_NAME ""
| #define PACKAGE_TARNAME ""
| #define PACKAGE_VERSION ""
| #define PACKAGE_STRING ""
| #define PACKAGE_BUGREPORT ""
| #define PACKAGE_URL ""
| #define PACKAGE "qalculate-gtk"
| #define VERSION "0.9.7"
| #define STDC_HEADERS 1
| #define HAVE_SYS_TYPES_H 1
| #define HAVE_SYS_STAT_H 1
| #define HAVE_STDLIB_H 1
| #define HAVE_STRING_H 1
| #define HAVE_MEMORY_H 1
| #define HAVE_STRINGS_H 1
| #define HAVE_INTTYPES_H 1
| #define HAVE_STDINT_H 1
| #define HAVE_UNISTD_H 1
| #define HAVE_DLFCN_H 1
| #define LT_OBJDIR ".libs/"
| /* end confdefs.h.  */
| #include <ac_nonexistent.h>
configure:14821: result: g++ -E
configure:14841: g++ -E  conftest.cpp
configure:14841: $? = 0
configure:14855: g++ -E  conftest.cpp
conftest.cpp:23:28: fatal error: ac_nonexistent.h: No such file or directory
compilation terminated.
configure:14855: $? = 1
configure: failed program was:
| /* confdefs.h */
| #define PACKAGE_NAME ""
| #define PACKAGE_TARNAME ""
| #define PACKAGE_VERSION ""
| #define PACKAGE_STRING ""
| #define PACKAGE_BUGREPORT ""
| #define PACKAGE_URL ""
| #define PACKAGE "qalculate-gtk"
| #define VERSION "0.9.7"
| #define STDC_HEADERS 1
| #define HAVE_SYS_TYPES_H 1
| #define HAVE_SYS_STAT_H 1
| #define HAVE_STDLIB_H 1
| #define HAVE_STRING_H 1
| #define HAVE_MEMORY_H 1
| #define HAVE_STRINGS_H 1
| #define HAVE_INTTYPES_H 1
| #define HAVE_STDINT_H 1
| #define HAVE_UNISTD_H 1
| #define HAVE_DLFCN_H 1
| #define LT_OBJDIR ".libs/"
| /* end confdefs.h.  */
| #include <ac_nonexistent.h>
configure:15017: checking for ld used by g++
configure:15084: result: /usr/bin/ld -m elf_x86_64
configure:15091: checking if the linker (/usr/bin/ld -m elf_x86_64) is GNU ld
configure:15106: result: yes
configure:15161: checking whether the g++ linker (/usr/bin/ld -m elf_x86_64) supports shared libraries
configure:16234: result: yes
configure:16270: g++ -c -g -O2  conftest.cpp >&5
configure:16273: $? = 0
configure:16754: checking for g++ option to produce PIC
configure:16761: result: -fPIC -DPIC
configure:16769: checking if g++ PIC flag -fPIC -DPIC works
configure:16787: g++ -c -g -O2  -fPIC -DPIC -DPIC conftest.cpp >&5
configure:16791: $? = 0
configure:16804: result: yes
configure:16827: checking if g++ static flag -static works
configure:16855: result: yes
configure:16867: checking if g++ supports -c -o file.o
configure:16888: g++ -c -g -O2  -o out/conftest2.o conftest.cpp >&5
configure:16892: $? = 0
configure:16914: result: yes
configure:16919: checking if g++ supports -c -o file.o
configure:16966: result: yes
configure:16996: checking whether the g++ linker (/usr/bin/ld -m elf_x86_64) supports shared libraries
configure:17039: result: yes
configure:17180: checking dynamic linker characteristics
configure:17937: result: GNU/Linux ld.so
configure:18002: checking how to hardcode library paths into programs
configure:18027: result: immediate
configure:18113: checking for pthread_create in -lpthread
configure:18138: gcc -o conftest -g -O2 -Wall   conftest.c -lpthread   >&5
configure:18138: $? = 0
configure:18147: result: yes
configure:18215: checking for pkg-config
configure:18233: found /usr/bin/pkg-config
configure:18245: result: /usr/bin/pkg-config
configure:18270: checking pkg-config is at least version 0.9.0
configure:18273: result: yes
configure:18283: checking for GLIB
configure:18293: $PKG_CONFIG --exists --print-errors "
	glib-2.0 >= 2.4
	libxml-2.0
	"
configure:18299: $? = 0
configure:18319: $PKG_CONFIG --exists --print-errors "
	glib-2.0 >= 2.4
	libxml-2.0
	"
configure:18325: $? = 0
configure:18395: result: yes
configure:18407: checking for GTK
configure:18418: $PKG_CONFIG --exists --print-errors "
	gtk+-2.0 >= 2.4
	gdk-pixbuf-2.0
	libglade-2.0
	"
configure:18425: $? = 0
configure:18447: $PKG_CONFIG --exists --print-errors "
	gtk+-2.0 >= 2.4
	gdk-pixbuf-2.0
	libglade-2.0
	"
configure:18454: $? = 0
configure:18528: result: yes
configure:18539: checking for QALCULATE
configure:18548: $PKG_CONFIG --exists --print-errors "
	libqalculate >= 0.9.7
	"
configure:18553: $? = 0
configure:18571: $PKG_CONFIG --exists --print-errors "
	libqalculate >= 0.9.7
	"
configure:18576: $? = 0
configure:18642: result: yes
configure:18651: checking for CLN
configure:18658: $PKG_CONFIG --exists --print-errors " cln >= 1.2 "
configure:18661: $? = 0
configure:18675: $PKG_CONFIG --exists --print-errors " cln >= 1.2 "
configure:18678: $? = 0
configure:18716: result: yes
configure:18735: checking whether to use libgnome
configure:18751: result: auto
configure:18838: checking for LIBGNOME
configure:18845: $PKG_CONFIG --exists --print-errors "libgnome-2.0 >= $LIBGNOME_REQUIRED"
Package libgnome-2.0 was not found in the pkg-config search path.
Perhaps you should add the directory containing `libgnome-2.0.pc'
to the PKG_CONFIG_PATH environment variable
No package 'libgnome-2.0' found
configure:18848: $? = 1
configure:18862: $PKG_CONFIG --exists --print-errors "libgnome-2.0 >= $LIBGNOME_REQUIRED"
Package libgnome-2.0 was not found in the pkg-config search path.
Perhaps you should add the directory containing `libgnome-2.0.pc'
to the PKG_CONFIG_PATH environment variable
No package 'libgnome-2.0' found
configure:18865: $? = 1
configure:18879: result: no
No package 'libgnome-2.0' found
configure:18895: WARNING: libgnome-2.0 was not found. The manual will not be accessible from within Qalculate!
configure:18920: checking for scrollkeeper-config
configure:18938: found /usr/bin/scrollkeeper-config
configure:18951: result: /usr/bin/scrollkeeper-config
configure:18981: checking locale.h usability
configure:18981: g++ -c -g -O2   conftest.cpp >&5
configure:18981: $? = 0
configure:18981: result: yes
configure:18981: checking locale.h presence
configure:18981: g++ -E   conftest.cpp
configure:18981: $? = 0
configure:18981: result: yes
configure:18981: checking for locale.h
configure:18981: result: yes
configure:18992: checking for LC_MESSAGES
configure:19008: g++ -o conftest -g -O2    conftest.cpp  -lpthread -lcln >&5
configure:19008: $? = 0
configure:19016: result: yes
configure:19033: checking libintl.h usability
configure:19033: g++ -c -g -O2   conftest.cpp >&5
configure:19033: $? = 0
configure:19033: result: yes
configure:19033: checking libintl.h presence
configure:19033: g++ -E   conftest.cpp
configure:19033: $? = 0
configure:19033: result: yes
configure:19033: checking for libintl.h
configure:19033: result: yes
configure:19041: checking for ngettext in libc
configure:19059: g++ -o conftest -g -O2    conftest.cpp  -lpthread -lcln >&5
configure:19059: $? = 0
configure:19068: result: yes
configure:19072: checking for dgettext in libc
configure:19090: g++ -o conftest -g -O2    conftest.cpp  -lpthread -lcln >&5
configure:19090: $? = 0
configure:19099: result: yes
configure:19106: checking for bind_textdomain_codeset
configure:19106: g++ -o conftest -g -O2    conftest.cpp  -lpthread -lcln >&5
configure:19106: $? = 0
configure:19106: result: yes
configure:19382: checking for msgfmt
configure:19409: result: /usr/bin/msgfmt
configure:19420: checking for dcgettext
configure:19420: g++ -o conftest -g -O2    conftest.cpp  -lpthread -lcln  >&5
configure:19420: $? = 0
configure:19420: result: yes
configure:19430: checking if msgfmt accepts -c
configure:19445: $MSGFMT -c -o /dev/null conftest.foo
conftest.foo:3: warning: header field 'Language' missing in header
configure:19448: $? = 0
configure:19450: result: yes
configure:19460: checking for gmsgfmt
configure:19491: result: /usr/bin/msgfmt
configure:19501: checking for xgettext
configure:19528: result: /usr/bin/xgettext
configure:19547: g++ -o conftest -g -O2    conftest.cpp  -lpthread -lcln  >&5
configure:19547: $? = 0
configure:19629: checking for catalogs to be installed
configure:19654: result:  nl sv
configure:19687: checking locale directory
configure:19700: result: "/usr/local/share/locale"
configure:19819: checking that generated files are newer than configure
configure:19825: result: done
configure:19868: creating ./config.status

## ---------------------- ##
## Running config.status. ##
## ---------------------- ##

This file was extended by config.status, which was
generated by GNU Autoconf 2.69.  Invocation command line was

  CONFIG_FILES    = 
  CONFIG_HEADERS  = 
  CONFIG_LINKS    = 
  CONFIG_COMMANDS = 
  $ ./config.status 

on luckydev

config.status:1257: creating Makefile
config.status:1257: creating data/Makefile
config.status:1257: creating doc/Makefile
config.status:1257: creating doc/C/Makefile
config.status:1257: creating src/Makefile
config.status:1257: creating po/Makefile.in
config.status:1257: creating config.h
config.status:1438: config.h is unchanged
config.status:1486: executing depfiles commands
config.status:1486: executing libtool commands
config.status:1486: executing default-1 commands
config.status:1486: executing po/stamp-it commands

## ---------------- ##
## Cache variables. ##
## ---------------- ##

ac_cv_build=x86_64-unknown-linux-gnu
ac_cv_c_compiler_gnu=yes
ac_cv_cxx_compiler_gnu=yes
ac_cv_env_CCC_set=
ac_cv_env_CCC_value=
ac_cv_env_CC_set=
ac_cv_env_CC_value=
ac_cv_env_CFLAGS_set=
ac_cv_env_CFLAGS_value=
ac_cv_env_CLN_CFLAGS_set=
ac_cv_env_CLN_CFLAGS_value=
ac_cv_env_CLN_LIBS_set=
ac_cv_env_CLN_LIBS_value=
ac_cv_env_CPPFLAGS_set=
ac_cv_env_CPPFLAGS_value=
ac_cv_env_CPP_set=
ac_cv_env_CPP_value=
ac_cv_env_CXXCPP_set=
ac_cv_env_CXXCPP_value=
ac_cv_env_CXXFLAGS_set=
ac_cv_env_CXXFLAGS_value=
ac_cv_env_CXX_set=
ac_cv_env_CXX_value=
ac_cv_env_GLIB_CFLAGS_set=
ac_cv_env_GLIB_CFLAGS_value=
ac_cv_env_GLIB_LIBS_set=
ac_cv_env_GLIB_LIBS_value=
ac_cv_env_GTK_CFLAGS_set=
ac_cv_env_GTK_CFLAGS_value=
ac_cv_env_GTK_LIBS_set=
ac_cv_env_GTK_LIBS_value=
ac_cv_env_LDFLAGS_set=
ac_cv_env_LDFLAGS_value=
ac_cv_env_LIBGNOME_CFLAGS_set=
ac_cv_env_LIBGNOME_CFLAGS_value=
ac_cv_env_LIBGNOME_LIBS_set=
ac_cv_env_LIBGNOME_LIBS_value=
ac_cv_env_LIBS_set=
ac_cv_env_LIBS_value=
ac_cv_env_LT_SYS_LIBRARY_PATH_set=
ac_cv_env_LT_SYS_LIBRARY_PATH_value=
ac_cv_env_PKG_CONFIG_LIBDIR_set=
ac_cv_env_PKG_CONFIG_LIBDIR_value=
ac_cv_env_PKG_CONFIG_PATH_set=
ac_cv_env_PKG_CONFIG_PATH_value=
ac_cv_env_PKG_CONFIG_set=
ac_cv_env_PKG_CONFIG_value=
ac_cv_env_QALCULATE_CFLAGS_set=
ac_cv_env_QALCULATE_CFLAGS_value=
ac_cv_env_QALCULATE_LIBS_set=
ac_cv_env_QALCULATE_LIBS_value=
ac_cv_env_build_alias_set=
ac_cv_env_build_alias_value=
ac_cv_env_host_alias_set=
ac_cv_env_host_alias_value=
ac_cv_env_target_alias_set=
ac_cv_env_target_alias_value=
ac_cv_func_bind_textdomain_codeset=yes
ac_cv_func_dcgettext=yes
ac_cv_header_dlfcn_h=yes
ac_cv_header_inttypes_h=yes
ac_cv_header_libintl_h=yes
ac_cv_header_locale_h=yes
ac_cv_header_memory_h=yes
ac_cv_header_stdc=yes
ac_cv_header_stdint_h=yes
ac_cv_header_stdlib_h=yes
ac_cv_header_string_h=yes
ac_cv_header_strings_h=yes
ac_cv_header_sys_stat_h=yes
ac_cv_header_sys_types_h=yes
ac_cv_header_unistd_h=yes
ac_cv_host=x86_64-unknown-linux-gnu
ac_cv_lib_pthread_pthread_create=yes
ac_cv_objext=o
ac_cv_path_EGREP='/bin/grep -E'
ac_cv_path_FGREP='/bin/grep -F'
ac_cv_path_GMSGFMT=/usr/bin/msgfmt
ac_cv_path_GREP=/bin/grep
ac_cv_path_INTLTOOL_EXTRACT=/usr/bin/intltool-extract
ac_cv_path_INTLTOOL_MERGE=/usr/bin/intltool-merge
ac_cv_path_INTLTOOL_PERL=/usr/bin/perl
ac_cv_path_INTLTOOL_UPDATE=/usr/bin/intltool-update
ac_cv_path_MSGFMT=/usr/bin/msgfmt
ac_cv_path_MSGMERGE=/usr/bin/msgmerge
ac_cv_path_SCROLLKEEPER_CONFIG=/usr/bin/scrollkeeper-config
ac_cv_path_SED=/bin/sed
ac_cv_path_XGETTEXT=/usr/bin/xgettext
ac_cv_path_ac_pt_PKG_CONFIG=/usr/bin/pkg-config
ac_cv_path_install='/usr/bin/install -c'
ac_cv_path_lt_DD=/bin/dd
ac_cv_path_mkdir=/bin/mkdir
ac_cv_prog_AWK=mawk
ac_cv_prog_CPP='gcc -E'
ac_cv_prog_CXXCPP='g++ -E'
ac_cv_prog_ac_ct_AR=ar
ac_cv_prog_ac_ct_CC=gcc
ac_cv_prog_ac_ct_CXX=g++
ac_cv_prog_ac_ct_MANIFEST_TOOL=mt
ac_cv_prog_ac_ct_OBJDUMP=objdump
ac_cv_prog_ac_ct_RANLIB=ranlib
ac_cv_prog_ac_ct_STRIP=strip
ac_cv_prog_cc_c89=
ac_cv_prog_cc_g=yes
ac_cv_prog_cxx_g=yes
ac_cv_prog_make_make_set=yes
ac_cv_search_strerror='none required'
am_cv_CC_dependencies_compiler_type=gcc3
am_cv_CXX_dependencies_compiler_type=gcc3
am_cv_make_support_nested_variables=yes
am_cv_prog_cc_c_o=yes
am_cv_prog_cc_stdc=
am_cv_val_LC_MESSAGES=yes
gt_cv_func_dgettext_libc=yes
gt_cv_func_dgettext_libintl=no
gt_cv_func_ngettext_libc=yes
gt_cv_have_gettext=yes
lt_cv_ar_at_file=@
lt_cv_archive_cmds_need_lc=no
lt_cv_deplibs_check_method=pass_all
lt_cv_file_magic_cmd='$MAGIC_CMD'
lt_cv_file_magic_test_file=
lt_cv_ld_reload_flag=-r
lt_cv_nm_interface='BSD nm'
lt_cv_objdir=.libs
lt_cv_path_LD=/usr/bin/ld
lt_cv_path_LDCXX='/usr/bin/ld -m elf_x86_64'
lt_cv_path_NM='/usr/bin/nm -B'
lt_cv_path_mainfest_tool=no
lt_cv_prog_compiler_c_o=yes
lt_cv_prog_compiler_c_o_CXX=yes
lt_cv_prog_compiler_pic='-fPIC -DPIC'
lt_cv_prog_compiler_pic_CXX='-fPIC -DPIC'
lt_cv_prog_compiler_pic_works=yes
lt_cv_prog_compiler_pic_works_CXX=yes
lt_cv_prog_compiler_rtti_exceptions=no
lt_cv_prog_compiler_static_works=yes
lt_cv_prog_compiler_static_works_CXX=yes
lt_cv_prog_gnu_ld=yes
lt_cv_prog_gnu_ldcxx=yes
lt_cv_sharedlib_from_linklib_cmd='printf %s\n'
lt_cv_shlibpath_overrides_runpath=no
lt_cv_sys_global_symbol_pipe='sed -n -e '\''s/^.*[	 ]\([ABCDGIRSTW][ABCDGIRSTW]*\)[	 ][	 ]*\([_A-Za-z][_A-Za-z0-9]*\)$/\1 \2 \2/p'\'' | sed '\''/ __gnu_lto/d'\'''
lt_cv_sys_global_symbol_to_c_name_address='sed -n -e '\''s/^: \(.*\) .*$/  {"\1", (void *) 0},/p'\'' -e '\''s/^[ABCDGIRSTW][ABCDGIRSTW]* .* \(.*\)$/  {"\1", (void *) \&\1},/p'\'''
lt_cv_sys_global_symbol_to_c_name_address_lib_prefix='sed -n -e '\''s/^: \(.*\) .*$/  {"\1", (void *) 0},/p'\'' -e '\''s/^[ABCDGIRSTW][ABCDGIRSTW]* .* \(lib.*\)$/  {"\1", (void *) \&\1},/p'\'' -e '\''s/^[ABCDGIRSTW][ABCDGIRSTW]* .* \(.*\)$/  {"lib\1", (void *) \&\1},/p'\'''
lt_cv_sys_global_symbol_to_cdecl='sed -n -e '\''s/^T .* \(.*\)$/extern int \1();/p'\'' -e '\''s/^[ABCDGIRSTW][ABCDGIRSTW]* .* \(.*\)$/extern char \1;/p'\'''
lt_cv_sys_global_symbol_to_import=
lt_cv_sys_max_cmd_len=1572864
lt_cv_to_host_file_cmd=func_convert_file_noop
lt_cv_to_tool_file_cmd=func_convert_file_noop
lt_cv_truncate_bin='/bin/dd bs=4096 count=1'
pkg_cv_CLN_CFLAGS=
pkg_cv_CLN_LIBS=-lcln
pkg_cv_GLIB_CFLAGS='-I/usr/include/glib-2.0 -I/usr/lib/x86_64-linux-gnu/glib-2.0/include -I/usr/include/libxml2'
pkg_cv_GLIB_LIBS='-lglib-2.0 -lxml2'
pkg_cv_GTK_CFLAGS='-pthread -I/usr/include/libglade-2.0 -I/usr/include/gtk-2.0 -I/usr/lib/x86_64-linux-gnu/gtk-2.0/include -I/usr/include/gio-unix-2.0/ -I/usr/include/cairo -I/usr/include/pango-1.0 -I/usr/include/atk-1.0 -I/usr/include/cairo -I/usr/include/pixman-1 -I/usr/include/libpng12 -I/usr/include/gdk-pixbuf-2.0 -I/usr/include/libpng12 -I/usr/include/pango-1.0 -I/usr/include/harfbuzz -I/usr/include/pango-1.0 -I/usr/include/glib-2.0 -I/usr/lib/x86_64-linux-gnu/glib-2.0/include -I/usr/include/freetype2 -I/usr/include/libxml2'
pkg_cv_GTK_LIBS='-lglade-2.0 -lgtk-x11-2.0 -lgdk-x11-2.0 -lpangocairo-1.0 -latk-1.0 -lcairo -lgdk_pixbuf-2.0 -lgio-2.0 -lpangoft2-1.0 -lpango-1.0 -lgobject-2.0 -lglib-2.0 -lfontconfig -lfreetype -lxml2'
pkg_cv_QALCULATE_CFLAGS='-I/usr/include/glib-2.0 -I/usr/lib/x86_64-linux-gnu/glib-2.0/include -I/usr/include/libxml2'
pkg_cv_QALCULATE_LIBS='-lcln -lpthread -lqalculate -lglib-2.0 -lxml2'

## ----------------- ##
## Output variables. ##
## ----------------- ##

ACLOCAL='${SHELL} /home/phm/stuff/Paul/Coding/current-code/luckyde/acc/leviticus/qalculate/missing aclocal-1.15'
ALL_LINGUAS='nl sv'
AMDEPBACKSLASH='\'
AMDEP_FALSE='#'
AMDEP_TRUE=''
AMTAR='$${TAR-tar}'
AM_BACKSLASH='\'
AM_DEFAULT_V='$(AM_DEFAULT_VERBOSITY)'
AM_DEFAULT_VERBOSITY='1'
AM_V='$(V)'
AR='ar'
AUTOCONF='${SHELL} /home/phm/stuff/Paul/Coding/current-code/luckyde/acc/leviticus/qalculate/missing autoconf'
AUTOHEADER='${SHELL} /home/phm/stuff/Paul/Coding/current-code/luckyde/acc/leviticus/qalculate/missing autoheader'
AUTOMAKE='${SHELL} /home/phm/stuff/Paul/Coding/current-code/luckyde/acc/leviticus/qalculate/missing automake-1.15'
AWK='mawk'
CATALOGS=' nl.gmo sv.gmo'
CATOBJEXT='.gmo'
CC='gcc'
CCDEPMODE='depmode=gcc3'
CFLAGS='-g -O2 -Wall'
CLN_CFLAGS=''
CLN_CPPFLAGS=''
CLN_LIBS='-lcln'
CPP='gcc -E'
CPPFLAGS=' '
CXX='g++'
CXXCPP='g++ -E'
CXXDEPMODE='depmode=gcc3'
CXXFLAGS='-g -O2'
CYGPATH_W='echo'
DATADIRNAME='share'
DEFS='-DHAVE_CONFIG_H'
DEPDIR='.deps'
DLLTOOL='false'
DSYMUTIL=''
DUMPBIN=''
ECHO_C=''
ECHO_N='-n'
ECHO_T=''
EGREP='/bin/grep -E'
EXEEXT=''
FGREP='/bin/grep -F'
GETTEXT_PACKAGE='qalculate-gtk'
GLIB_CFLAGS='-I/usr/include/glib-2.0 -I/usr/lib/x86_64-linux-gnu/glib-2.0/include -I/usr/include/libxml2'
GLIB_LIBS='-lglib-2.0 -lxml2'
GMOFILES=' nl.gmo sv.gmo'
GMSGFMT='/usr/bin/msgfmt'
GREP='/bin/grep'
GTK_CFLAGS='-pthread -I/usr/include/libglade-2.0 -I/usr/include/gtk-2.0 -I/usr/lib/x86_64-linux-gnu/gtk-2.0/include -I/usr/include/gio-unix-2.0/ -I/usr/include/cairo -I/usr/include/pango-1.0 -I/usr/include/atk-1.0 -I/usr/include/cairo -I/usr/include/pixman-1 -I/usr/include/libpng12 -I/usr/include/gdk-pixbuf-2.0 -I/usr/include/libpng12 -I/usr/include/pango-1.0 -I/usr/include/harfbuzz -I/usr/include/pango-1.0 -I/usr/include/glib-2.0 -I/usr/lib/x86_64-linux-gnu/glib-2.0/include -I/usr/include/freetype2 -I/usr/include/libxml2'
GTK_LIBS='-export-dynamic -lglade-2.0 -lgtk-x11-2.0 -lgdk-x11-2.0 -lpangocairo-1.0 -latk-1.0 -lcairo -lgdk_pixbuf-2.0 -lgio-2.0 -lpangoft2-1.0 -lpango-1.0 -lgobject-2.0 -lglib-2.0 -lfontconfig -lfreetype -lxml2'
INSTALL_DATA='${INSTALL} -m 644'
INSTALL_PROGRAM='${INSTALL}'
INSTALL_SCRIPT='${INSTALL}'
INSTALL_STRIP_PROGRAM='$(install_sh) -c -s'
INSTOBJEXT='.mo'
INTLLIBS=''
INTLTOOL_CAVES_RULE='%.caves:     %.caves.in     $(INTLTOOL_MERGE) $(wildcard $(top_srcdir)/po/*.po) ; $(INTLTOOL_V_MERGE)LC_ALL=C $(INTLTOOL_MERGE) $(INTLTOOL_V_MERGE_OPTIONS) -d -u -c $(top_builddir)/po/.intltool-merge-cache $(top_srcdir)/po $< $@'
INTLTOOL_DESKTOP_RULE='%.desktop:   %.desktop.in   $(INTLTOOL_MERGE) $(wildcard $(top_srcdir)/po/*.po) ; $(INTLTOOL_V_MERGE)LC_ALL=C $(INTLTOOL_MERGE) $(INTLTOOL_V_MERGE_OPTIONS) -d -u -c $(top_builddir)/po/.intltool-merge-cache $(top_srcdir)/po $< $@'
INTLTOOL_DIRECTORY_RULE='%.directory: %.directory.in $(INTLTOOL_MERGE) $(wildcard $(top_srcdir)/po/*.po) ; $(INTLTOOL_V_MERGE)LC_ALL=C $(INTLTOOL_MERGE) $(INTLTOOL_V_MERGE_OPTIONS) -d -u -c $(top_builddir)/po/.intltool-merge-cache $(top_srcdir)/po $< $@'
INTLTOOL_EXTRACT='/usr/bin/intltool-extract'
INTLTOOL_KBD_RULE='%.kbd:       %.kbd.in       $(INTLTOOL_MERGE) $(wildcard $(top_srcdir)/po/*.po) ; $(INTLTOOL_V_MERGE)LC_ALL=C $(INTLTOOL_MERGE) $(INTLTOOL_V_MERGE_OPTIONS) -x -u -m -c $(top_builddir)/po/.intltool-merge-cache $(top_srcdir)/po $< $@'
INTLTOOL_KEYS_RULE='%.keys:      %.keys.in      $(INTLTOOL_MERGE) $(wildcard $(top_srcdir)/po/*.po) ; $(INTLTOOL_V_MERGE)LC_ALL=C $(INTLTOOL_MERGE) $(INTLTOOL_V_MERGE_OPTIONS) -k -u -c $(top_builddir)/po/.intltool-merge-cache $(top_srcdir)/po $< $@'
INTLTOOL_MERGE='/usr/bin/intltool-merge'
INTLTOOL_OAF_RULE='%.oaf:       %.oaf.in       $(INTLTOOL_MERGE) $(wildcard $(top_srcdir)/po/*.po) ; $(INTLTOOL_V_MERGE)LC_ALL=C $(INTLTOOL_MERGE) $(INTLTOOL_V_MERGE_OPTIONS) -o -p $(top_srcdir)/po $< $@'
INTLTOOL_PERL='/usr/bin/perl'
INTLTOOL_POLICY_RULE='%.policy:    %.policy.in    $(INTLTOOL_MERGE) $(wildcard $(top_srcdir)/po/*.po) ; $(INTLTOOL_V_MERGE)LC_ALL=C $(INTLTOOL_MERGE) $(INTLTOOL_V_MERGE_OPTIONS) -x -u -c $(top_builddir)/po/.intltool-merge-cache $(top_srcdir)/po $< $@'
INTLTOOL_PONG_RULE='%.pong:      %.pong.in      $(INTLTOOL_MERGE) $(wildcard $(top_srcdir)/po/*.po) ; $(INTLTOOL_V_MERGE)LC_ALL=C $(INTLTOOL_MERGE) $(INTLTOOL_V_MERGE_OPTIONS) -x -u -c $(top_builddir)/po/.intltool-merge-cache $(top_srcdir)/po $< $@'
INTLTOOL_PROP_RULE='%.prop:      %.prop.in      $(INTLTOOL_MERGE) $(wildcard $(top_srcdir)/po/*.po) ; $(INTLTOOL_V_MERGE)LC_ALL=C $(INTLTOOL_MERGE) $(INTLTOOL_V_MERGE_OPTIONS) -d -u -c $(top_builddir)/po/.intltool-merge-cache $(top_srcdir)/po $< $@'
INTLTOOL_QALCULATE_DEFINITIONS_RULE='%.xml:       %.xml.in       $(INTLTOOL_MERGE) $(wildcard $(top_srcdir)/po-defs/*.po) ; LC_ALL=C $(INTLTOOL_MERGE) -x -u -c $(top_builddir)/po-defs/.intltool-merge-cache $(top_srcdir)/po-defs $< $@'
INTLTOOL_SCHEMAS_RULE='%.schemas:   %.schemas.in   $(INTLTOOL_MERGE) $(wildcard $(top_srcdir)/po/*.po) ; $(INTLTOOL_V_MERGE)LC_ALL=C $(INTLTOOL_MERGE) $(INTLTOOL_V_MERGE_OPTIONS) -s -u -c $(top_builddir)/po/.intltool-merge-cache $(top_srcdir)/po $< $@'
INTLTOOL_SERVER_RULE='%.server:    %.server.in    $(INTLTOOL_MERGE) $(wildcard $(top_srcdir)/po/*.po) ; $(INTLTOOL_V_MERGE)LC_ALL=C $(INTLTOOL_MERGE) $(INTLTOOL_V_MERGE_OPTIONS) -o -u -c $(top_builddir)/po/.intltool-merge-cache $(top_srcdir)/po $< $@'
INTLTOOL_SERVICE_RULE='%.service: %.service.in   $(INTLTOOL_MERGE) $(wildcard $(top_srcdir)/po/*.po) ; $(INTLTOOL_V_MERGE)LC_ALL=C $(INTLTOOL_MERGE) $(INTLTOOL_V_MERGE_OPTIONS) -d -u -c $(top_builddir)/po/.intltool-merge-cache $(top_srcdir)/po $< $@'
INTLTOOL_SHEET_RULE='%.sheet:     %.sheet.in     $(INTLTOOL_MERGE) $(wildcard $(top_srcdir)/po/*.po) ; $(INTLTOOL_V_MERGE)LC_ALL=C $(INTLTOOL_MERGE) $(INTLTOOL_V_MERGE_OPTIONS) -x -u -c $(top_builddir)/po/.intltool-merge-cache $(top_srcdir)/po $< $@'
INTLTOOL_SOUNDLIST_RULE='%.soundlist: %.soundlist.in $(INTLTOOL_MERGE) $(wildcard $(top_srcdir)/po/*.po) ; $(INTLTOOL_V_MERGE)LC_ALL=C $(INTLTOOL_MERGE) $(INTLTOOL_V_MERGE_OPTIONS) -d -u -c $(top_builddir)/po/.intltool-merge-cache $(top_srcdir)/po $< $@'
INTLTOOL_THEME_RULE='%.theme:     %.theme.in     $(INTLTOOL_MERGE) $(wildcard $(top_srcdir)/po/*.po) ; $(INTLTOOL_V_MERGE)LC_ALL=C $(INTLTOOL_MERGE) $(INTLTOOL_V_MERGE_OPTIONS) -d -u -c $(top_builddir)/po/.intltool-merge-cache $(top_srcdir)/po $< $@'
INTLTOOL_UI_RULE='%.ui:        %.ui.in        $(INTLTOOL_MERGE) $(wildcard $(top_srcdir)/po/*.po) ; $(INTLTOOL_V_MERGE)LC_ALL=C $(INTLTOOL_MERGE) $(INTLTOOL_V_MERGE_OPTIONS) -x -u -c $(top_builddir)/po/.intltool-merge-cache $(top_srcdir)/po $< $@'
INTLTOOL_UPDATE='/usr/bin/intltool-update'
INTLTOOL_V_MERGE='$(INTLTOOL__v_MERGE_$(V))'
INTLTOOL_V_MERGE_OPTIONS='$(intltool__v_merge_options_$(V))'
INTLTOOL_XAM_RULE='%.xam:       %.xml.in       $(INTLTOOL_MERGE) $(wildcard $(top_srcdir)/po/*.po) ; $(INTLTOOL_V_MERGE)LC_ALL=C $(INTLTOOL_MERGE) $(INTLTOOL_V_MERGE_OPTIONS) -x -u -c $(top_builddir)/po/.intltool-merge-cache $(top_srcdir)/po $< $@'
INTLTOOL_XML_NOMERGE_RULE='%.xml:       %.xml.in       $(INTLTOOL_MERGE) ; $(INTLTOOL_V_MERGE)LC_ALL=C $(INTLTOOL_MERGE) $(INTLTOOL_V_MERGE_OPTIONS) -x -u --no-translations $< $@'
INTLTOOL_XML_RULE='%.xml:       %.xml.in       $(INTLTOOL_MERGE) $(wildcard $(top_srcdir)/po/*.po) ; $(INTLTOOL_V_MERGE)LC_ALL=C $(INTLTOOL_MERGE) $(INTLTOOL_V_MERGE_OPTIONS) -x -u -c $(top_builddir)/po/.intltool-merge-cache $(top_srcdir)/po $< $@'
INTLTOOL__v_MERGE_0='@echo "  ITMRG " $@;'
INTLTOOL__v_MERGE_='$(INTLTOOL__v_MERGE_$(AM_DEFAULT_VERBOSITY))'
LD='/usr/bin/ld -m elf_x86_64'
LDFLAGS=''
LIBGNOME_CFLAGS=''
LIBGNOME_LIBS=''
LIBOBJS=''
LIBS=' -lpthread -lcln'
LIBTOOL='$(SHELL) $(top_builddir)/libtool'
LIPO=''
LN_QALCULATE='qalculate-gtk'
LN_S='ln -s'
LTLIBOBJS=''
LT_SYS_LIBRARY_PATH=''
MAINT=''
MAINTAINER_MODE_FALSE='#'
MAINTAINER_MODE_TRUE=''
MAKEINFO='${SHELL} /home/phm/stuff/Paul/Coding/current-code/luckyde/acc/leviticus/qalculate/missing makeinfo'
MANIFEST_TOOL=':'
MKDIR_P='/bin/mkdir -p'
MKINSTALLDIRS='./mkinstalldirs'
MSGFMT='/usr/bin/msgfmt'
MSGFMT_OPTS='-c'
MSGMERGE='/usr/bin/msgmerge'
NM='/usr/bin/nm -B'
NMEDIT=''
OBJDUMP='objdump'
OBJEXT='o'
OTOOL64=''
OTOOL=''
PACKAGE='qalculate-gtk'
PACKAGE_BUGREPORT=''
PACKAGE_NAME=''
PACKAGE_STRING=''
PACKAGE_TARNAME=''
PACKAGE_URL=''
PACKAGE_VERSION=''
PATH_SEPARATOR=':'
PKG_CONFIG='/usr/bin/pkg-config'
PKG_CONFIG_LIBDIR=''
PKG_CONFIG_PATH=''
POFILES=' nl.po sv.po'
POSUB='po'
PO_IN_DATADIR_FALSE=''
PO_IN_DATADIR_TRUE=''
QALCULATE_CFLAGS='-I/usr/include/glib-2.0 -I/usr/lib/x86_64-linux-gnu/glib-2.0/include -I/usr/include/libxml2'
QALCULATE_GTK='qalculate-gtk'
QALCULATE_LIBS='-lcln -lpthread -lqalculate -lglib-2.0 -lxml2'
RANLIB='ranlib'
SCROLLKEEPER_CONFIG='/usr/bin/scrollkeeper-config'
SED='/bin/sed'
SET_MAKE=''
SHELL='/bin/bash'
STRIP='strip'
USE_NLS='yes'
VERSION='0.9.7'
XGETTEXT='/usr/bin/xgettext'
ac_ct_AR='ar'
ac_ct_CC='gcc'
ac_ct_CXX='g++'
ac_ct_DUMPBIN=''
am__EXEEXT_FALSE=''
am__EXEEXT_TRUE='#'
am__fastdepCC_FALSE='#'
am__fastdepCC_TRUE=''
am__fastdepCXX_FALSE='#'
am__fastdepCXX_TRUE=''
am__include='include'
am__isrc=''
am__leading_dot='.'
am__nodep='_no'
am__quote=''
am__tar='$${TAR-tar} chof - "$$tardir"'
am__untar='$${TAR-tar} xf -'
bindir='${exec_prefix}/bin'
build='x86_64-unknown-linux-gnu'
build_alias=''
build_cpu='x86_64'
build_os='linux-gnu'
build_vendor='unknown'
datadir='${datarootdir}'
datarootdir='${prefix}/share'
docdir='${datarootdir}/doc/${PACKAGE}'
dvidir='${docdir}'
exec_prefix='${prefix}'
host='x86_64-unknown-linux-gnu'
host_alias=''
host_cpu='x86_64'
host_os='linux-gnu'
host_vendor='unknown'
htmldir='${docdir}'
includedir='${prefix}/include'
infodir='${datarootdir}/info'
install_sh='${SHELL} /home/phm/stuff/Paul/Coding/current-code/luckyde/acc/leviticus/qalculate/install-sh'
intltool__v_merge_options_0='-q'
intltool__v_merge_options_='$(intltool__v_merge_options_$(AM_DEFAULT_VERBOSITY))'
libdir='${exec_prefix}/lib'
libexecdir='${exec_prefix}/libexec'
localedir='${datarootdir}/locale'
localstatedir='${prefix}/var'
mandir='${datarootdir}/man'
mkdir_p='$(MKDIR_P)'
oldincludedir='/usr/include'
pdfdir='${docdir}'
prefix='/usr/local'
program_transform_name='s,x,x,'
psdir='${docdir}'
runstatedir='${localstatedir}/run'
sbindir='${exec_prefix}/sbin'
sharedstatedir='${prefix}/com'
sysconfdir='${prefix}/etc'
target_alias=''

## ----------- ##
## confdefs.h. ##
## ----------- ##

/* confdefs.h */
#define PACKAGE_NAME ""
#define PACKAGE_TARNAME ""
#define PACKAGE_VERSION ""
#define PACKAGE_STRING ""
#define PACKAGE_BUGREPORT ""
#define PACKAGE_URL ""
#define PACKAGE "qalculate-gtk"
#define VERSION "0.9.7"
#define STDC_HEADERS 1
#define HAVE_SYS_TYPES_H 1
#define HAVE_SYS_STAT_H 1
#define HAVE_STDLIB_H 1
#define HAVE_STRING_H 1
#define HAVE_MEMORY_H 1
#define HAVE_STRINGS_H 1
#define HAVE_INTTYPES_H 1
#define HAVE_STDINT_H 1
#define HAVE_UNISTD_H 1
#define HAVE_DLFCN_H 1
#define LT_OBJDIR ".libs/"
#define HAVE_LIBCLN12 1
#define GETTEXT_PACKAGE "qalculate-gtk"
#define HAVE_LOCALE_H 1
#define HAVE_LC_MESSAGES 1
#define HAVE_BIND_TEXTDOMAIN_CODESET 1
#define HAVE_GETTEXT 1
#define HAVE_DCGETTEXT 1
#define ENABLE_NLS 1
#define PACKAGE_LOCALE_DIR "/usr/local/share/locale"

configure: exit 0
